<?xml version="1.0" encoding="UTF-8"?>
<coverage generated="1443493164">
  <project timestamp="1443493164">
    <package name="Servelat\Base">
      <file name="/home/vanya/Projects/servelat/app/Base/AbstractApplication.php">
        <class name="AbstractApplication" namespace="Servelat\Base">
          <metrics methods="8" coveredmethods="7" conditionals="0" coveredconditionals="0" statements="33" coveredstatements="32" elements="41" coveredelements="39"/>
        </class>
        <line num="41" type="method" name="__construct" crap="2" count="10"/>
        <line num="42" type="stmt" count="5"/>
        <line num="43" type="stmt" count="10"/>
        <line num="44" type="stmt" count="5"/>
        <line num="45" type="stmt" count="5"/>
        <line num="46" type="stmt" count="10"/>
        <line num="54" type="method" name="configure" crap="1.04" count="1"/>
        <line num="56" type="stmt" count="0"/>
        <line num="58" type="stmt" count="1"/>
        <line num="59" type="stmt" count="1"/>
        <line num="64" type="method" name="getContainer" crap="2" count="6"/>
        <line num="66" type="stmt" count="6"/>
        <line num="67" type="stmt" count="6"/>
        <line num="68" type="stmt" count="6"/>
        <line num="70" type="stmt" count="6"/>
        <line num="76" type="method" name="getDispatcher" crap="2" count="6"/>
        <line num="78" type="stmt" count="6"/>
        <line num="79" type="stmt" count="6"/>
        <line num="80" type="stmt" count="6"/>
        <line num="82" type="stmt" count="6"/>
        <line num="88" type="method" name="getConfiguration" crap="2" count="1"/>
        <line num="90" type="stmt" count="1"/>
        <line num="91" type="stmt" count="1"/>
        <line num="92" type="stmt" count="1"/>
        <line num="94" type="stmt" count="1"/>
        <line num="103" type="method" name="hasComponent" crap="1" count="7"/>
        <line num="105" type="stmt" count="7"/>
        <line num="115" type="method" name="addComponent" crap="2" count="7"/>
        <line num="117" type="stmt" count="7"/>
        <line num="118" type="stmt" count="1"/>
        <line num="119" type="stmt" count="1"/>
        <line num="120" type="stmt" count="1"/>
        <line num="121" type="stmt" count="1"/>
        <line num="124" type="stmt" count="6"/>
        <line num="125" type="stmt" count="6"/>
        <line num="127" type="stmt" count="6"/>
        <line num="137" type="method" name="setComponents" crap="2" count="5"/>
        <line num="139" type="stmt" count="5"/>
        <line num="140" type="stmt" count="5"/>
        <line num="141" type="stmt" count="5"/>
        <line num="143" type="stmt" count="5"/>
        <metrics loc="144" ncloc="88" classes="1" methods="8" coveredmethods="7" conditionals="0" coveredconditionals="0" statements="33" coveredstatements="32" elements="41" coveredelements="39"/>
      </file>
      <file name="/home/vanya/Projects/servelat/app/Base/Container.php">
        <class name="Container" namespace="Servelat\Base">
          <metrics methods="4" coveredmethods="1" conditionals="0" coveredconditionals="0" statements="11" coveredstatements="8" elements="15" coveredelements="9"/>
        </class>
        <line num="37" type="method" name="__construct" crap="1" count="6"/>
        <line num="39" type="stmt" count="6"/>
        <line num="40" type="stmt" count="6"/>
        <line num="41" type="stmt" count="6"/>
        <line num="57" type="method" name="offsetSet" crap="2.06" count="5"/>
        <line num="59" type="stmt" count="5"/>
        <line num="60" type="stmt" count="0"/>
        <line num="63" type="stmt" count="5"/>
        <line num="64" type="stmt" count="5"/>
        <line num="75" type="method" name="offsetGet" crap="2.15" count="5"/>
        <line num="77" type="stmt" count="5"/>
        <line num="78" type="stmt" count="0"/>
        <line num="81" type="stmt" count="5"/>
        <line num="92" type="method" name="register" crap="2" count="0"/>
        <line num="94" type="stmt" count="0"/>
        <metrics loc="95" ncloc="43" classes="1" methods="4" coveredmethods="1" conditionals="0" coveredconditionals="0" statements="11" coveredstatements="8" elements="15" coveredelements="9"/>
      </file>
    </package>
    <file name="/home/vanya/Projects/servelat/app/Base/ComponentInterface.php">
      <metrics loc="29" ncloc="10" classes="0" methods="0" coveredmethods="0" conditionals="0" coveredconditionals="0" statements="0" coveredstatements="0" elements="0" coveredelements="0"/>
    </file>
    <package name="Servelat\Base\Exceptions">
      <file name="/home/vanya/Projects/servelat/app/Base/Exceptions/InvalidArgumentException.php">
        <class name="InvalidArgumentException" namespace="Servelat\Base\Exceptions">
          <metrics methods="0" coveredmethods="0" conditionals="0" coveredconditionals="0" statements="0" coveredstatements="0" elements="0" coveredelements="0"/>
        </class>
        <metrics loc="12" ncloc="6" classes="1" methods="0" coveredmethods="0" conditionals="0" coveredconditionals="0" statements="0" coveredstatements="0" elements="0" coveredelements="0"/>
      </file>
      <file name="/home/vanya/Projects/servelat/app/Base/Exceptions/ServelatException.php">
        <class name="ServelatException" namespace="Servelat\Base\Exceptions">
          <metrics methods="0" coveredmethods="0" conditionals="0" coveredconditionals="0" statements="0" coveredstatements="0" elements="0" coveredelements="0"/>
        </class>
        <metrics loc="12" ncloc="6" classes="1" methods="0" coveredmethods="0" conditionals="0" coveredconditionals="0" statements="0" coveredstatements="0" elements="0" coveredelements="0"/>
      </file>
    </package>
    <package name="Servelat\Components\ProcessHandlers\FlatPhp">
      <file name="/home/vanya/Projects/servelat/app/Components/ProcessHandlers/FlatPhp/Process.php">
        <class name="Process" namespace="Servelat\Components\ProcessHandlers\FlatPhp">
          <metrics methods="11" coveredmethods="8" conditionals="0" coveredconditionals="0" statements="17" coveredstatements="14" elements="28" coveredelements="22"/>
        </class>
        <line num="51" type="method" name="__construct" crap="1" count="1"/>
        <line num="53" type="stmt" count="1"/>
        <line num="54" type="stmt" count="1"/>
        <line num="62" type="method" name="getStreams" crap="1" count="1"/>
        <line num="64" type="stmt" count="1"/>
        <line num="74" type="method" name="setExitCode" crap="1" count="1"/>
        <line num="76" type="stmt" count="1"/>
        <line num="78" type="stmt" count="1"/>
        <line num="87" type="method" name="getExitCode" crap="2" count="0"/>
        <line num="89" type="stmt" count="0"/>
        <line num="98" type="method" name="addOutputLine" crap="1" count="1"/>
        <line num="100" type="stmt" count="1"/>
        <line num="102" type="stmt" count="1"/>
        <line num="110" type="method" name="getOutputLines" crap="2" count="0"/>
        <line num="112" type="stmt" count="0"/>
        <line num="120" type="method" name="getTask" crap="1" count="1"/>
        <line num="122" type="stmt" count="1"/>
        <line num="130" type="method" name="isClosed" crap="2" count="0"/>
        <line num="132" type="stmt" count="0"/>
        <line num="140" type="method" name="close" crap="1" count="1"/>
        <line num="142" type="stmt" count="1"/>
        <line num="144" type="stmt" count="1"/>
        <line num="153" type="method" name="setResource" crap="1" count="1"/>
        <line num="155" type="stmt" count="1"/>
        <line num="157" type="stmt" count="1"/>
        <line num="166" type="method" name="setStreams" crap="1" count="1"/>
        <line num="168" type="stmt" count="1"/>
        <line num="170" type="stmt" count="1"/>
        <metrics loc="171" ncloc="87" classes="1" methods="11" coveredmethods="8" conditionals="0" coveredconditionals="0" statements="17" coveredstatements="14" elements="28" coveredelements="22"/>
      </file>
      <file name="/home/vanya/Projects/servelat/app/Components/ProcessHandlers/FlatPhp/Task.php">
        <class name="Task" namespace="Servelat\Components\ProcessHandlers\FlatPhp">
          <metrics methods="10" coveredmethods="3" conditionals="0" coveredconditionals="0" statements="15" coveredstatements="5" elements="25" coveredelements="8"/>
        </class>
        <line num="57" type="method" name="getId" crap="2" count="0"/>
        <line num="59" type="stmt" count="0"/>
        <line num="66" type="method" name="setId" crap="1" count="1"/>
        <line num="68" type="stmt" count="1"/>
        <line num="70" type="stmt" count="1"/>
        <line num="76" type="method" name="getOwnerPid" crap="2" count="0"/>
        <line num="78" type="stmt" count="0"/>
        <line num="85" type="method" name="setOwnerPid" crap="2" count="0"/>
        <line num="87" type="stmt" count="0"/>
        <line num="89" type="stmt" count="0"/>
        <line num="95" type="method" name="getTimeout" crap="2" count="0"/>
        <line num="97" type="stmt" count="0"/>
        <line num="104" type="method" name="setTimeout" crap="2" count="0"/>
        <line num="106" type="stmt" count="0"/>
        <line num="108" type="stmt" count="0"/>
        <line num="114" type="method" name="getNumberOfInstances" crap="2" count="0"/>
        <line num="116" type="stmt" count="0"/>
        <line num="123" type="method" name="setNumberOfInstances" crap="2" count="0"/>
        <line num="125" type="stmt" count="0"/>
        <line num="127" type="stmt" count="0"/>
        <line num="133" type="method" name="getPayload" crap="1" count="1"/>
        <line num="135" type="stmt" count="1"/>
        <line num="142" type="method" name="setPayload" crap="1" count="1"/>
        <line num="144" type="stmt" count="1"/>
        <line num="146" type="stmt" count="1"/>
        <metrics loc="147" ncloc="79" classes="1" methods="10" coveredmethods="3" conditionals="0" coveredconditionals="0" statements="15" coveredstatements="5" elements="25" coveredelements="8"/>
      </file>
      <file name="/home/vanya/Projects/servelat/app/Components/ProcessHandlers/FlatPhp/TaskHandler.php">
        <class name="TaskHandler" namespace="Servelat\Components\ProcessHandlers\FlatPhp">
          <metrics methods="3" coveredmethods="3" conditionals="0" coveredconditionals="0" statements="26" coveredstatements="26" elements="29" coveredelements="29"/>
        </class>
        <line num="28" type="method" name="isSuitableFor" crap="1" count="2"/>
        <line num="30" type="stmt" count="2"/>
        <line num="40" type="method" name="handle" crap="1" count="1"/>
        <line num="43" type="stmt" count="1"/>
        <line num="44" type="stmt" count="1"/>
        <line num="45" type="stmt" count="1"/>
        <line num="46" type="stmt" count="1"/>
        <line num="47" type="stmt" count="1"/>
        <line num="51" type="stmt" count="1"/>
        <line num="52" type="stmt" count="1"/>
        <line num="53" type="stmt" count="1"/>
        <line num="54" type="stmt" count="1"/>
        <line num="57" type="stmt" count="1"/>
        <line num="58" type="stmt" count="1"/>
        <line num="59" type="stmt" count="1"/>
        <line num="61" type="stmt" count="1"/>
        <line num="63" type="stmt" count="1"/>
        <line num="64" type="stmt" count="1"/>
        <line num="65" type="stmt" count="1"/>
        <line num="67" type="stmt" count="1"/>
        <line num="73" type="method" name="onProcessTask" crap="3" count="2"/>
        <line num="75" type="stmt" count="2"/>
        <line num="76" type="stmt" count="2"/>
        <line num="77" type="stmt" count="1"/>
        <line num="78" type="stmt" count="1"/>
        <line num="79" type="stmt" count="1"/>
        <line num="80" type="stmt" count="1"/>
        <line num="81" type="stmt" count="1"/>
        <line num="82" type="stmt" count="2"/>
        <metrics loc="82" ncloc="47" classes="1" methods="3" coveredmethods="3" conditionals="0" coveredconditionals="0" statements="26" coveredstatements="26" elements="29" coveredelements="29"/>
      </file>
    </package>
    <package name="Servelat\Components\ProcessHandlers">
      <file name="/home/vanya/Projects/servelat/app/Components/ProcessHandlers/ProcessHandlersComponent.php">
        <class name="ProcessHandlersComponent" namespace="Servelat\Components\ProcessHandlers">
          <metrics methods="3" coveredmethods="3" conditionals="0" coveredconditionals="0" statements="7" coveredstatements="7" elements="10" coveredelements="10"/>
        </class>
        <line num="27" type="method" name="getName" crap="1" count="5"/>
        <line num="29" type="stmt" count="5"/>
        <line num="39" type="method" name="register" crap="1" count="5"/>
        <line num="41" type="stmt" count="5"/>
        <line num="42" type="stmt" count="5"/>
        <line num="45" type="method" name="anonymous function" crap="1" count="5"/>
        <line num="46" type="stmt" count="1"/>
        <line num="47" type="stmt" count="1"/>
        <line num="49" type="stmt" count="1"/>
        <line num="50" type="stmt" count="5"/>
        <line num="52" type="stmt" count="5"/>
        <line num="53" type="stmt" count="5"/>
        <line num="54" type="stmt" count="5"/>
        <line num="56" type="stmt" count="5"/>
        <line num="57" type="stmt" count="5"/>
        <metrics loc="57" ncloc="37" classes="1" methods="3" coveredmethods="3" conditionals="0" coveredconditionals="0" statements="12" coveredstatements="12" elements="15" coveredelements="15"/>
      </file>
    </package>
    <file name="/home/vanya/Projects/servelat/app/Components/ProcessHandlers/ResourceBasedProcessInterface.php">
      <metrics loc="28" ncloc="10" classes="0" methods="0" coveredmethods="0" conditionals="0" coveredconditionals="0" statements="0" coveredstatements="0" elements="0" coveredelements="0"/>
    </file>
    <package name="Servelat\Components\ProcessManager\Events">
      <file name="/home/vanya/Projects/servelat/app/Components/ProcessManager/Events/ProcessClosedEvent.php">
        <class name="ProcessClosedEvent" namespace="Servelat\Components\ProcessManager\Events">
          <metrics methods="2" coveredmethods="1" conditionals="0" coveredconditionals="0" statements="3" coveredstatements="2" elements="5" coveredelements="3"/>
        </class>
        <line num="25" type="method" name="__construct" crap="1" count="2"/>
        <line num="27" type="stmt" count="2"/>
        <line num="28" type="stmt" count="2"/>
        <line num="33" type="method" name="getProcess" crap="2" count="0"/>
        <line num="35" type="stmt" count="0"/>
        <metrics loc="36" ncloc="22" classes="1" methods="2" coveredmethods="1" conditionals="0" coveredconditionals="0" statements="3" coveredstatements="2" elements="5" coveredelements="3"/>
      </file>
      <file name="/home/vanya/Projects/servelat/app/Components/ProcessManager/Events/ProcessFailedEvent.php">
        <class name="ProcessFailedEvent" namespace="Servelat\Components\ProcessManager\Events">
          <metrics methods="2" coveredmethods="1" conditionals="0" coveredconditionals="0" statements="3" coveredstatements="2" elements="5" coveredelements="3"/>
        </class>
        <line num="25" type="method" name="__construct" crap="1" count="1"/>
        <line num="27" type="stmt" count="1"/>
        <line num="28" type="stmt" count="1"/>
        <line num="33" type="method" name="getProcess" crap="2" count="0"/>
        <line num="35" type="stmt" count="0"/>
        <metrics loc="36" ncloc="22" classes="1" methods="2" coveredmethods="1" conditionals="0" coveredconditionals="0" statements="3" coveredstatements="2" elements="5" coveredelements="3"/>
      </file>
      <file name="/home/vanya/Projects/servelat/app/Components/ProcessManager/Events/ProcessOutputEvent.php">
        <class name="ProcessOutputEvent" namespace="Servelat\Components\ProcessManager\Events">
          <metrics methods="3" coveredmethods="1" conditionals="0" coveredconditionals="0" statements="5" coveredstatements="3" elements="8" coveredelements="4"/>
        </class>
        <line num="31" type="method" name="__construct" crap="1" count="1"/>
        <line num="33" type="stmt" count="1"/>
        <line num="34" type="stmt" count="1"/>
        <line num="35" type="stmt" count="1"/>
        <line num="40" type="method" name="getTask" crap="2" count="0"/>
        <line num="42" type="stmt" count="0"/>
        <line num="48" type="method" name="getOutput" crap="2" count="0"/>
        <line num="50" type="stmt" count="0"/>
        <metrics loc="51" ncloc="30" classes="1" methods="3" coveredmethods="1" conditionals="0" coveredconditionals="0" statements="5" coveredstatements="3" elements="8" coveredelements="4"/>
      </file>
    </package>
    <package name="Servelat\Components\ProcessManager\Exceptions">
      <file name="/home/vanya/Projects/servelat/app/Components/ProcessManager/Exceptions/ProcessManagerException.php">
        <class name="ProcessManagerException" namespace="Servelat\Components\ProcessManager\Exceptions">
          <metrics methods="0" coveredmethods="0" conditionals="0" coveredconditionals="0" statements="0" coveredstatements="0" elements="0" coveredelements="0"/>
        </class>
        <metrics loc="15" ncloc="9" classes="1" methods="0" coveredmethods="0" conditionals="0" coveredconditionals="0" statements="0" coveredstatements="0" elements="0" coveredelements="0"/>
      </file>
      <file name="/home/vanya/Projects/servelat/app/Components/ProcessManager/Exceptions/RuntimeException.php">
        <class name="RuntimeException" namespace="Servelat\Components\ProcessManager\Exceptions">
          <metrics methods="0" coveredmethods="0" conditionals="0" coveredconditionals="0" statements="0" coveredstatements="0" elements="0" coveredelements="0"/>
        </class>
        <metrics loc="11" ncloc="6" classes="1" methods="0" coveredmethods="0" conditionals="0" coveredconditionals="0" statements="0" coveredstatements="0" elements="0" coveredelements="0"/>
      </file>
    </package>
    <file name="/home/vanya/Projects/servelat/app/Components/ProcessManager/ProcessInterface.php">
      <metrics loc="80" ncloc="26" classes="0" methods="0" coveredmethods="0" conditionals="0" coveredconditionals="0" statements="0" coveredstatements="0" elements="0" coveredelements="0"/>
    </file>
    <package name="Servelat\Components\ProcessManager">
      <file name="/home/vanya/Projects/servelat/app/Components/ProcessManager/ProcessManager.php">
        <class name="ProcessManager" namespace="Servelat\Components\ProcessManager">
          <metrics methods="10" coveredmethods="6" conditionals="0" coveredconditionals="0" statements="116" coveredstatements="107" elements="126" coveredelements="113"/>
        </class>
        <line num="93" type="method" name="__construct" crap="1" count="5"/>
        <line num="95" type="stmt" count="5"/>
        <line num="96" type="stmt" count="5"/>
        <line num="97" type="stmt" count="5"/>
        <line num="98" type="stmt" count="5"/>
        <line num="106" type="method" name="onAfterProcessTask" crap="1" count="2"/>
        <line num="108" type="stmt" count="2"/>
        <line num="109" type="stmt" count="2"/>
        <line num="111" type="stmt" count="2"/>
        <line num="121" type="method" name="addProcess" crap="7.17" count="3"/>
        <line num="123" type="stmt" count="3"/>
        <line num="124" type="stmt" count="3"/>
        <line num="125" type="stmt" count="3"/>
        <line num="126" type="stmt" count="3"/>
        <line num="129" type="stmt" count="3"/>
        <line num="130" type="stmt" count="0"/>
        <line num="132" type="stmt" count="3"/>
        <line num="133" type="stmt" count="3"/>
        <line num="134" type="stmt" count="3"/>
        <line num="137" type="stmt" count="3"/>
        <line num="138" type="stmt" count="0"/>
        <line num="140" type="stmt" count="3"/>
        <line num="141" type="stmt" count="3"/>
        <line num="142" type="stmt" count="3"/>
        <line num="145" type="stmt" count="3"/>
        <line num="146" type="stmt" count="0"/>
        <line num="148" type="stmt" count="3"/>
        <line num="149" type="stmt" count="3"/>
        <line num="150" type="stmt" count="3"/>
        <line num="152" type="stmt" count="3"/>
        <line num="160" type="method" name="countProcesses" crap="1" count="4"/>
        <line num="162" type="stmt" count="4"/>
        <line num="170" type="method" name="countStreamSuites" crap="2" count="0"/>
        <line num="172" type="stmt" count="0"/>
        <line num="182" type="method" name="streamSelect" crap="18" count="2"/>
        <line num="184" type="stmt" count="2"/>
        <line num="185" type="stmt" count="0"/>
        <line num="190" type="stmt" count="2"/>
        <line num="191" type="stmt" count="2"/>
        <line num="192" type="stmt" count="2"/>
        <line num="193" type="stmt" count="2"/>
        <line num="194" type="stmt" count="2"/>
        <line num="195" type="stmt" count="2"/>
        <line num="196" type="stmt" count="2"/>
        <line num="197" type="stmt" count="2"/>
        <line num="198" type="stmt" count="2"/>
        <line num="199" type="stmt" count="2"/>
        <line num="203" type="stmt" count="2"/>
        <line num="204" type="stmt" count="2"/>
        <line num="205" type="stmt" count="2"/>
        <line num="206" type="stmt" count="2"/>
        <line num="207" type="stmt" count="2"/>
        <line num="208" type="stmt" count="2"/>
        <line num="209" type="stmt" count="2"/>
        <line num="210" type="stmt" count="1"/>
        <line num="212" type="stmt" count="1"/>
        <line num="213" type="stmt" count="1"/>
        <line num="214" type="stmt" count="1"/>
        <line num="217" type="stmt" count="1"/>
        <line num="218" type="stmt" count="1"/>
        <line num="219" type="stmt" count="1"/>
        <line num="221" type="stmt" count="1"/>
        <line num="223" type="stmt" count="1"/>
        <line num="225" type="stmt" count="1"/>
        <line num="226" type="stmt" count="1"/>
        <line num="227" type="stmt" count="1"/>
        <line num="230" type="stmt" count="1"/>
        <line num="231" type="stmt" count="1"/>
        <line num="232" type="stmt" count="1"/>
        <line num="234" type="stmt" count="1"/>
        <line num="235" type="stmt" count="1"/>
        <line num="236" type="stmt" count="1"/>
        <line num="237" type="stmt" count="1"/>
        <line num="238" type="stmt" count="1"/>
        <line num="241" type="stmt" count="2"/>
        <line num="243" type="stmt" count="2"/>
        <line num="245" type="stmt" count="0"/>
        <line num="247" type="stmt" count="2"/>
        <line num="249" type="stmt" count="2"/>
        <line num="253" type="stmt" count="2"/>
        <line num="254" type="stmt" count="2"/>
        <line num="256" type="stmt" count="2"/>
        <line num="257" type="stmt" count="2"/>
        <line num="258" type="stmt" count="2"/>
        <line num="259" type="stmt" count="2"/>
        <line num="260" type="stmt" count="2"/>
        <line num="261" type="stmt" count="2"/>
        <line num="262" type="stmt" count="2"/>
        <line num="263" type="stmt" count="2"/>
        <line num="264" type="stmt" count="2"/>
        <line num="265" type="stmt" count="2"/>
        <line num="266" type="stmt" count="2"/>
        <line num="267" type="stmt" count="2"/>
        <line num="270" type="stmt" count="2"/>
        <line num="272" type="stmt" count="2"/>
        <line num="273" type="stmt" count="2"/>
        <line num="274" type="stmt" count="1"/>
        <line num="275" type="stmt" count="1"/>
        <line num="276" type="stmt" count="1"/>
        <line num="278" type="stmt" count="2"/>
        <line num="279" type="stmt" count="2"/>
        <line num="282" type="stmt" count="2"/>
        <line num="283" type="stmt" count="2"/>
        <line num="284" type="stmt" count="2"/>
        <line num="286" type="stmt" count="2"/>
        <line num="288" type="stmt" count="2"/>
        <line num="289" type="stmt" count="2"/>
        <line num="290" type="stmt" count="2"/>
        <line num="292" type="stmt" count="2"/>
        <line num="301" type="method" name="buildStreamHash" crap="1" count="4"/>
        <line num="303" type="stmt" count="4"/>
        <line num="312" type="method" name="getProcessKeyByStream" crap="2" count="2"/>
        <line num="314" type="stmt" count="2"/>
        <line num="315" type="stmt" count="2"/>
        <line num="316" type="stmt" count="2"/>
        <line num="326" type="method" name="getStreamType" crap="4.84" count="1"/>
        <line num="328" type="stmt" count="1"/>
        <line num="330" type="stmt" count="1"/>
        <line num="331" type="stmt" count="1"/>
        <line num="332" type="stmt" count="1"/>
        <line num="333" type="stmt" count="1"/>
        <line num="334" type="stmt" count="0"/>
        <line num="335" type="stmt" count="0"/>
        <line num="337" type="stmt" count="0"/>
        <line num="347" type="method" name="checkIsStream" crap="2" count="4"/>
        <line num="349" type="stmt" count="4"/>
        <metrics loc="350" ncloc="211" classes="1" methods="10" coveredmethods="6" conditionals="0" coveredconditionals="0" statements="116" coveredstatements="107" elements="126" coveredelements="113"/>
      </file>
      <file name="/home/vanya/Projects/servelat/app/Components/ProcessManager/ProcessManagerComponent.php">
        <class name="ProcessManagerComponent" namespace="Servelat\Components\ProcessManager">
          <metrics methods="3" coveredmethods="3" conditionals="0" coveredconditionals="0" statements="4" coveredstatements="4" elements="7" coveredelements="7"/>
        </class>
        <line num="24" type="method" name="getName" crap="1" count="5"/>
        <line num="26" type="stmt" count="5"/>
        <line num="36" type="method" name="register" crap="1" count="5"/>
        <line num="38" type="stmt" count="5"/>
        <line num="39" type="stmt" count="5"/>
        <line num="42" type="method" name="anonymous function" crap="1" count="5"/>
        <line num="43" type="stmt" count="5"/>
        <line num="47" type="stmt" count="5"/>
        <line num="48" type="stmt" count="5"/>
        <line num="49" type="stmt" count="5"/>
        <line num="51" type="stmt" count="5"/>
        <line num="52" type="stmt" count="5"/>
        <metrics loc="52" ncloc="29" classes="1" methods="3" coveredmethods="3" conditionals="0" coveredconditionals="0" statements="9" coveredstatements="9" elements="12" coveredelements="12"/>
      </file>
    </package>
    <package name="Servelat\Components\ProcessManager\Processes">
      <file name="/home/vanya/Projects/servelat/app/Components/ProcessManager/Processes/EmptyProcess.php">
        <class name="EmptyProcess" namespace="Servelat\Components\ProcessManager\Processes">
          <metrics methods="9" coveredmethods="6" conditionals="0" coveredconditionals="0" statements="19" coveredstatements="15" elements="28" coveredelements="21"/>
        </class>
        <line num="45" type="method" name="__construct" crap="1" count="1"/>
        <line num="47" type="stmt" count="1"/>
        <line num="48" type="stmt" count="1"/>
        <line num="56" type="method" name="getStreams" crap="2" count="2"/>
        <line num="58" type="stmt" count="2"/>
        <line num="59" type="stmt" count="2"/>
        <line num="60" type="stmt" count="2"/>
        <line num="61" type="stmt" count="2"/>
        <line num="62" type="stmt" count="2"/>
        <line num="64" type="stmt" count="2"/>
        <line num="66" type="stmt" count="2"/>
        <line num="75" type="method" name="addOutputLine" crap="2" count="0"/>
        <line num="77" type="stmt" count="0"/>
        <line num="79" type="stmt" count="0"/>
        <line num="87" type="method" name="getOutputLines" crap="2" count="0"/>
        <line num="89" type="stmt" count="0"/>
        <line num="99" type="method" name="setExitCode" crap="1" count="1"/>
        <line num="101" type="stmt" count="1"/>
        <line num="103" type="stmt" count="1"/>
        <line num="112" type="method" name="getExitCode" crap="1" count="2"/>
        <line num="114" type="stmt" count="2"/>
        <line num="122" type="method" name="isClosed" crap="1" count="1"/>
        <line num="124" type="stmt" count="1"/>
        <line num="132" type="method" name="close" crap="1" count="1"/>
        <line num="134" type="stmt" count="1"/>
        <line num="136" type="stmt" count="1"/>
        <line num="144" type="method" name="getTask" crap="2" count="0"/>
        <line num="146" type="stmt" count="0"/>
        <metrics loc="147" ncloc="78" classes="1" methods="9" coveredmethods="6" conditionals="0" coveredconditionals="0" statements="19" coveredstatements="15" elements="28" coveredelements="21"/>
      </file>
    </package>
    <package name="Servelat\Components\Queues">
      <file name="/home/vanya/Projects/servelat/app/Components/Queues/DefaultLinkedList.php">
        <class name="DefaultLinkedList" namespace="Servelat\Components\Queues">
          <metrics methods="0" coveredmethods="0" conditionals="0" coveredconditionals="0" statements="0" coveredstatements="0" elements="0" coveredelements="0"/>
        </class>
        <metrics loc="11" ncloc="6" classes="1" methods="0" coveredmethods="0" conditionals="0" coveredconditionals="0" statements="0" coveredstatements="0" elements="0" coveredelements="0"/>
      </file>
      <file name="/home/vanya/Projects/servelat/app/Components/Queues/DefaultQueue.php">
        <class name="DefaultQueue" namespace="Servelat\Components\Queues">
          <metrics methods="0" coveredmethods="0" conditionals="0" coveredconditionals="0" statements="0" coveredstatements="0" elements="0" coveredelements="0"/>
        </class>
        <metrics loc="12" ncloc="6" classes="1" methods="0" coveredmethods="0" conditionals="0" coveredconditionals="0" statements="0" coveredstatements="0" elements="0" coveredelements="0"/>
      </file>
      <file name="/home/vanya/Projects/servelat/app/Components/Queues/QueuesComponent.php">
        <class name="QueuesComponent" namespace="Servelat\Components\Queues">
          <metrics methods="3" coveredmethods="2" conditionals="0" coveredconditionals="0" statements="6" coveredstatements="5" elements="9" coveredelements="7"/>
        </class>
        <line num="24" type="method" name="getName" crap="1" count="5"/>
        <line num="26" type="stmt" count="5"/>
        <line num="36" type="method" name="register" crap="1" count="5"/>
        <line num="38" type="stmt" count="5"/>
        <line num="42" type="stmt" count="5"/>
        <line num="43" type="stmt" count="5"/>
        <line num="46" type="method" name="anonymous function" crap="1.12" count="5"/>
        <line num="47" type="stmt" count="0"/>
        <line num="48" type="stmt" count="5"/>
        <line num="49" type="stmt" count="5"/>
        <metrics loc="49" ncloc="26" classes="1" methods="3" coveredmethods="2" conditionals="0" coveredconditionals="0" statements="7" coveredstatements="6" elements="10" coveredelements="8"/>
      </file>
    </package>
    <package name="Servelat\Components\TaskManager\Events">
      <file name="/home/vanya/Projects/servelat/app/Components/TaskManager/Events/AfterProcessTaskEvent.php">
        <class name="AfterProcessTaskEvent" namespace="Servelat\Components\TaskManager\Events">
          <metrics methods="2" coveredmethods="2" conditionals="0" coveredconditionals="0" statements="3" coveredstatements="3" elements="5" coveredelements="5"/>
        </class>
        <line num="25" type="method" name="__construct" crap="1" count="2"/>
        <line num="27" type="stmt" count="2"/>
        <line num="28" type="stmt" count="2"/>
        <line num="33" type="method" name="getProcess" crap="1" count="2"/>
        <line num="35" type="stmt" count="2"/>
        <metrics loc="36" ncloc="22" classes="1" methods="2" coveredmethods="2" conditionals="0" coveredconditionals="0" statements="3" coveredstatements="3" elements="5" coveredelements="5"/>
      </file>
      <file name="/home/vanya/Projects/servelat/app/Components/TaskManager/Events/ProcessTaskEvent.php">
        <class name="ProcessTaskEvent" namespace="Servelat\Components\TaskManager\Events">
          <metrics methods="4" coveredmethods="4" conditionals="0" coveredconditionals="0" statements="6" coveredstatements="6" elements="10" coveredelements="10"/>
        </class>
        <line num="31" type="method" name="__construct" crap="1" count="2"/>
        <line num="33" type="stmt" count="2"/>
        <line num="34" type="stmt" count="2"/>
        <line num="39" type="method" name="getTask" crap="1" count="2"/>
        <line num="41" type="stmt" count="2"/>
        <line num="47" type="method" name="getProcess" crap="1" count="2"/>
        <line num="49" type="stmt" count="2"/>
        <line num="56" type="method" name="setProcess" crap="1" count="2"/>
        <line num="58" type="stmt" count="2"/>
        <line num="60" type="stmt" count="2"/>
        <metrics loc="61" ncloc="37" classes="1" methods="4" coveredmethods="4" conditionals="0" coveredconditionals="0" statements="6" coveredstatements="6" elements="10" coveredelements="10"/>
      </file>
    </package>
    <package name="Servelat\Components\TaskManager\Handlers\Idle">
      <file name="/home/vanya/Projects/servelat/app/Components/TaskManager/Handlers/Idle/EmptyTask.php">
        <class name="EmptyTask" namespace="Servelat\Components\TaskManager\Handlers\Idle">
          <metrics methods="6" coveredmethods="0" conditionals="0" coveredconditionals="0" statements="7" coveredstatements="0" elements="13" coveredelements="0"/>
        </class>
        <line num="23" type="method" name="getId" crap="2" count="0"/>
        <line num="25" type="stmt" count="0"/>
        <line num="32" type="method" name="setId" crap="2" count="0"/>
        <line num="34" type="stmt" count="0"/>
        <line num="36" type="stmt" count="0"/>
        <line num="44" type="method" name="getOwnerPid" crap="2" count="0"/>
        <line num="46" type="stmt" count="0"/>
        <line num="54" type="method" name="getTimeout" crap="2" count="0"/>
        <line num="56" type="stmt" count="0"/>
        <line num="64" type="method" name="getNumberOfInstances" crap="2" count="0"/>
        <line num="66" type="stmt" count="0"/>
        <line num="75" type="method" name="getPayload" crap="2" count="0"/>
        <line num="77" type="stmt" count="0"/>
        <metrics loc="78" ncloc="43" classes="1" methods="6" coveredmethods="0" conditionals="0" coveredconditionals="0" statements="7" coveredstatements="0" elements="13" coveredelements="0"/>
      </file>
      <file name="/home/vanya/Projects/servelat/app/Components/TaskManager/Handlers/Idle/IdleHandler.php">
        <class name="IdleHandler" namespace="Servelat\Components\TaskManager\Handlers\Idle">
          <metrics methods="3" coveredmethods="3" conditionals="0" coveredconditionals="0" statements="10" coveredstatements="10" elements="13" coveredelements="13"/>
        </class>
        <line num="28" type="method" name="isSuitableFor" crap="1" count="1"/>
        <line num="30" type="stmt" count="1"/>
        <line num="39" type="method" name="handle" crap="1" count="1"/>
        <line num="41" type="stmt" count="1"/>
        <line num="47" type="method" name="onProcessTask" crap="3" count="1"/>
        <line num="49" type="stmt" count="1"/>
        <line num="50" type="stmt" count="1"/>
        <line num="51" type="stmt" count="1"/>
        <line num="52" type="stmt" count="1"/>
        <line num="53" type="stmt" count="1"/>
        <line num="54" type="stmt" count="1"/>
        <line num="55" type="stmt" count="1"/>
        <line num="56" type="stmt" count="1"/>
        <metrics loc="56" ncloc="34" classes="1" methods="3" coveredmethods="3" conditionals="0" coveredconditionals="0" statements="10" coveredstatements="10" elements="13" coveredelements="13"/>
      </file>
    </package>
    <file name="/home/vanya/Projects/servelat/app/Components/TaskManager/TaskHandlerInterface.php">
      <metrics loc="31" ncloc="13" classes="0" methods="0" coveredmethods="0" conditionals="0" coveredconditionals="0" statements="0" coveredstatements="0" elements="0" coveredelements="0"/>
    </file>
    <file name="/home/vanya/Projects/servelat/app/Components/TaskManager/TaskInterface.php">
      <metrics loc="48" ncloc="16" classes="0" methods="0" coveredmethods="0" conditionals="0" coveredconditionals="0" statements="0" coveredstatements="0" elements="0" coveredelements="0"/>
    </file>
    <package name="Servelat\Components\TaskManager">
      <file name="/home/vanya/Projects/servelat/app/Components/TaskManager/TaskManager.php">
        <class name="TaskManager" namespace="Servelat\Components\TaskManager">
          <metrics methods="4" coveredmethods="3" conditionals="0" coveredconditionals="0" statements="20" coveredstatements="19" elements="24" coveredelements="22"/>
        </class>
        <line num="29" type="method" name="__construct" crap="1" count="2"/>
        <line num="31" type="stmt" count="2"/>
        <line num="32" type="stmt" count="2"/>
        <line num="33" type="stmt" count="2"/>
        <line num="41" type="method" name="addTask" crap="1" count="2"/>
        <line num="43" type="stmt" count="2"/>
        <line num="45" type="stmt" count="2"/>
        <line num="53" type="method" name="countTasks" crap="1" count="2"/>
        <line num="55" type="stmt" count="2"/>
        <line num="63" type="method" name="handleNext" crap="3.00" count="2"/>
        <line num="67" type="stmt" count="2"/>
        <line num="68" type="stmt" count="2"/>
        <line num="69" type="stmt" count="1"/>
        <line num="73" type="stmt" count="2"/>
        <line num="74" type="stmt" count="2"/>
        <line num="75" type="stmt" count="2"/>
        <line num="77" type="stmt" count="2"/>
        <line num="79" type="stmt" count="2"/>
        <line num="80" type="stmt" count="0"/>
        <line num="83" type="stmt" count="2"/>
        <line num="84" type="stmt" count="2"/>
        <line num="85" type="stmt" count="2"/>
        <line num="87" type="stmt" count="2"/>
        <line num="89" type="stmt" count="2"/>
        <metrics loc="90" ncloc="59" classes="1" methods="4" coveredmethods="3" conditionals="0" coveredconditionals="0" statements="20" coveredstatements="19" elements="24" coveredelements="22"/>
      </file>
      <file name="/home/vanya/Projects/servelat/app/Components/TaskManager/TaskManagerComponent.php">
        <class name="TaskManagerComponent" namespace="Servelat\Components\TaskManager">
          <metrics methods="3" coveredmethods="2" conditionals="0" coveredconditionals="0" statements="8" coveredstatements="5" elements="11" coveredelements="7"/>
        </class>
        <line num="26" type="method" name="getName" crap="1" count="5"/>
        <line num="28" type="stmt" count="5"/>
        <line num="38" type="method" name="register" crap="1" count="5"/>
        <line num="40" type="stmt" count="5"/>
        <line num="41" type="stmt" count="5"/>
        <line num="45" type="stmt" count="2"/>
        <line num="49" type="method" name="anonymous function" crap="1.42" count="5"/>
        <line num="50" type="stmt" count="0"/>
        <line num="51" type="stmt" count="0"/>
        <line num="53" type="stmt" count="0"/>
        <line num="54" type="stmt" count="5"/>
        <line num="57" type="stmt" count="5"/>
        <line num="58" type="stmt" count="5"/>
        <line num="59" type="stmt" count="5"/>
        <line num="61" type="stmt" count="5"/>
        <line num="63" type="stmt" count="5"/>
        <metrics loc="64" ncloc="39" classes="1" methods="3" coveredmethods="2" conditionals="0" coveredconditionals="0" statements="13" coveredstatements="10" elements="16" coveredelements="12"/>
      </file>
    </package>
    <package name="Servelat">
      <file name="/home/vanya/Projects/servelat/app/ServelatEvents.php">
        <class name="ServelatEvents" namespace="Servelat">
          <metrics methods="0" coveredmethods="0" conditionals="0" coveredconditionals="0" statements="0" coveredstatements="0" elements="0" coveredelements="0"/>
        </class>
        <metrics loc="60" ncloc="16" classes="1" methods="0" coveredmethods="0" conditionals="0" coveredconditionals="0" statements="0" coveredstatements="0" elements="0" coveredelements="0"/>
      </file>
      <file name="/home/vanya/Projects/servelat/app/ServerApplication.php">
        <class name="ServerApplication" namespace="Servelat">
          <metrics methods="2" coveredmethods="2" conditionals="0" coveredconditionals="0" statements="10" coveredstatements="10" elements="12" coveredelements="12"/>
        </class>
        <line num="24" type="method" name="__construct" crap="1" count="5"/>
        <line num="26" type="stmt" count="5"/>
        <line num="27" type="stmt" count="5"/>
        <line num="28" type="stmt" count="5"/>
        <line num="35" type="method" name="registerComponents" crap="1" count="5"/>
        <line num="37" type="stmt" count="5"/>
        <line num="38" type="stmt" count="5"/>
        <line num="39" type="stmt" count="5"/>
        <line num="40" type="stmt" count="5"/>
        <line num="41" type="stmt" count="5"/>
        <line num="42" type="stmt" count="5"/>
        <line num="44" type="stmt" count="5"/>
        <metrics loc="46" ncloc="32" classes="1" methods="2" coveredmethods="2" conditionals="0" coveredconditionals="0" statements="10" coveredstatements="10" elements="12" coveredelements="12"/>
      </file>
    </package>
    <metrics files="32" loc="2197" ncloc="1195" classes="27" methods="95" coveredmethods="61" conditionals="0" coveredconditionals="0" statements="345" coveredstatements="299" elements="440" coveredelements="360"/>
  </project>
</coverage>
